<?xml version="1.0" encoding="UTF-8"?>
<testsuite xmlns:xsi="http://www.w3.org/2001/XMLSchema-instance" xsi:noNamespaceSchemaLocation="https://maven.apache.org/surefire/maven-surefire-plugin/xsd/surefire-test-report.xsd" name="com.ItemSearchServiceImplTest" time="28.203" tests="8" errors="8" skipped="0" failures="0">
  <properties>
    <property name="sun.desktop" value="windows"/>
    <property name="awt.toolkit" value="sun.awt.windows.WToolkit"/>
    <property name="file.encoding.pkg" value="sun.io"/>
    <property name="java.specification.version" value="1.8"/>
    <property name="sun.cpu.isalist" value="amd64"/>
    <property name="sun.jnu.encoding" value="GBK"/>
    <property name="java.class.path" value="E:\fsproject\LogAspect\target\test-classes;E:\fsproject\LogAspect\target\classes;C:\Users\Administrator\.m2\repository\junit\junit\4.12\junit-4.12.jar;C:\Users\Administrator\.m2\repository\org\hamcrest\hamcrest-core\1.3\hamcrest-core-1.3.jar;C:\Users\Administrator\.m2\repository\org\springframework\spring-webmvc\4.3.3.RELEASE\spring-webmvc-4.3.3.RELEASE.jar;C:\Users\Administrator\.m2\repository\org\springframework\spring-beans\4.3.3.RELEASE\spring-beans-4.3.3.RELEASE.jar;C:\Users\Administrator\.m2\repository\org\springframework\spring-expression\4.3.3.RELEASE\spring-expression-4.3.3.RELEASE.jar;C:\Users\Administrator\.m2\repository\org\springframework\spring-web\4.3.3.RELEASE\spring-web-4.3.3.RELEASE.jar;C:\Users\Administrator\.m2\repository\org\springframework\spring-jdbc\4.3.3.RELEASE\spring-jdbc-4.3.3.RELEASE.jar;C:\Users\Administrator\.m2\repository\org\springframework\spring-tx\4.3.3.RELEASE\spring-tx-4.3.3.RELEASE.jar;C:\Users\Administrator\.m2\repository\org\springframework\spring-context\4.3.3.RELEASE\spring-context-4.3.3.RELEASE.jar;C:\Users\Administrator\.m2\repository\org\springframework\spring-context-support\4.3.3.RELEASE\spring-context-support-4.3.3.RELEASE.jar;C:\Users\Administrator\.m2\repository\org\springframework\spring-aop\4.3.3.RELEASE\spring-aop-4.3.3.RELEASE.jar;C:\Users\Administrator\.m2\repository\org\springframework\spring-core\4.3.3.RELEASE\spring-core-4.3.3.RELEASE.jar;C:\Users\Administrator\.m2\repository\org\springframework\spring-test\4.3.3.RELEASE\spring-test-4.3.3.RELEASE.jar;C:\Users\Administrator\.m2\repository\javax\servlet\jstl\1.2\jstl-1.2.jar;C:\Users\Administrator\.m2\repository\javax\servlet\javax.servlet-api\3.0.1\javax.servlet-api-3.0.1.jar;C:\Users\Administrator\.m2\repository\org\springframework\spring-aspects\3.0.6.RELEASE\spring-aspects-3.0.6.RELEASE.jar;C:\Users\Administrator\.m2\repository\org\aspectj\aspectjrt\1.6.11\aspectjrt-1.6.11.jar;C:\Users\Administrator\.m2\repository\org\aspectj\aspectjweaver\1.6.11\aspectjweaver-1.6.11.jar;C:\Users\Administrator\.m2\repository\cglib\cglib\2.1_3\cglib-2.1_3.jar;C:\Users\Administrator\.m2\repository\asm\asm\1.5.3\asm-1.5.3.jar;C:\Users\Administrator\.m2\repository\javax\servlet\servlet-api\2.5\servlet-api-2.5.jar;C:\Users\Administrator\.m2\repository\org\slf4j\slf4j-api\1.7.25\slf4j-api-1.7.25.jar;C:\Users\Administrator\.m2\repository\org\slf4j\slf4j-log4j12\1.7.25\slf4j-log4j12-1.7.25.jar;C:\Users\Administrator\.m2\repository\ch\qos\logback\logback-classic\1.2.3\logback-classic-1.2.3.jar;C:\Users\Administrator\.m2\repository\ch\qos\logback\logback-core\1.2.3\logback-core-1.2.3.jar;C:\Users\Administrator\.m2\repository\com\fasterxml\jackson\core\jackson-databind\2.9.2\jackson-databind-2.9.2.jar;C:\Users\Administrator\.m2\repository\com\fasterxml\jackson\core\jackson-annotations\2.9.0\jackson-annotations-2.9.0.jar;C:\Users\Administrator\.m2\repository\com\fasterxml\jackson\core\jackson-core\2.9.2\jackson-core-2.9.2.jar;C:\Users\Administrator\.m2\repository\com\alibaba\fastjson\1.2.32\fastjson-1.2.32.jar;C:\Users\Administrator\.m2\repository\com\alibaba\druid\1.0.9\druid-1.0.9.jar;D:\Program Files\Java\jdk1.8.0_151\jre\..\lib\jconsole.jar;D:\Program Files\Java\jdk1.8.0_151\jre\..\lib\tools.jar;C:\Users\Administrator\.m2\repository\jstl\jstl\1.2\jstl-1.2.jar;C:\Users\Administrator\.m2\repository\log4j\log4j\1.2.17\log4j-1.2.17.jar;C:\Users\Administrator\.m2\repository\commons-logging\commons-logging\1.2\commons-logging-1.2.jar;C:\Users\Administrator\.m2\repository\org\hibernate\hibernate-core\5.3.0.Final\hibernate-core-5.3.0.Final.jar;C:\Users\Administrator\.m2\repository\org\jboss\logging\jboss-logging\3.3.2.Final\jboss-logging-3.3.2.Final.jar;C:\Users\Administrator\.m2\repository\org\javassist\javassist\3.22.0-GA\javassist-3.22.0-GA.jar;C:\Users\Administrator\.m2\repository\net\bytebuddy\byte-buddy\1.8.0\byte-buddy-1.8.0.jar;C:\Users\Administrator\.m2\repository\antlr\antlr\2.7.7\antlr-2.7.7.jar;C:\Users\Administrator\.m2\repository\org\jboss\spec\javax\transaction\jboss-transaction-api_1.2_spec\1.0.1.Final\jboss-transaction-api_1.2_spec-1.0.1.Final.jar;C:\Users\Administrator\.m2\repository\org\jboss\jandex\2.0.3.Final\jandex-2.0.3.Final.jar;C:\Users\Administrator\.m2\repository\com\fasterxml\classmate\1.3.0\classmate-1.3.0.jar;C:\Users\Administrator\.m2\repository\dom4j\dom4j\1.6.1\dom4j-1.6.1.jar;C:\Users\Administrator\.m2\repository\org\hibernate\common\hibernate-commons-annotations\5.0.3.Final\hibernate-commons-annotations-5.0.3.Final.jar;C:\Users\Administrator\.m2\repository\org\hibernate\javax\persistence\hibernate-jpa-2.1-api\1.0.2.Final\hibernate-jpa-2.1-api-1.0.2.Final.jar;C:\Users\Administrator\.m2\repository\org\hibernate\hibernate-c3p0\5.3.0.Final\hibernate-c3p0-5.3.0.Final.jar;C:\Users\Administrator\.m2\repository\com\mchange\c3p0\0.9.2.1\c3p0-0.9.2.1.jar;C:\Users\Administrator\.m2\repository\com\mchange\mchange-commons-java\0.2.3.4\mchange-commons-java-0.2.3.4.jar;C:\Users\Administrator\.m2\repository\mysql\mysql-connector-java\5.1.39\mysql-connector-java-5.1.39.jar;C:\Users\Administrator\.m2\repository\io\springfox\springfox-swagger2\2.7.0\springfox-swagger2-2.7.0.jar;C:\Users\Administrator\.m2\repository\io\swagger\swagger-annotations\1.5.13\swagger-annotations-1.5.13.jar;C:\Users\Administrator\.m2\repository\io\swagger\swagger-models\1.5.13\swagger-models-1.5.13.jar;C:\Users\Administrator\.m2\repository\io\springfox\springfox-spi\2.7.0\springfox-spi-2.7.0.jar;C:\Users\Administrator\.m2\repository\io\springfox\springfox-core\2.7.0\springfox-core-2.7.0.jar;C:\Users\Administrator\.m2\repository\io\springfox\springfox-schema\2.7.0\springfox-schema-2.7.0.jar;C:\Users\Administrator\.m2\repository\io\springfox\springfox-swagger-common\2.7.0\springfox-swagger-common-2.7.0.jar;C:\Users\Administrator\.m2\repository\io\springfox\springfox-spring-web\2.7.0\springfox-spring-web-2.7.0.jar;C:\Users\Administrator\.m2\repository\org\reflections\reflections\0.9.11\reflections-0.9.11.jar;C:\Users\Administrator\.m2\repository\org\springframework\plugin\spring-plugin-core\1.2.0.RELEASE\spring-plugin-core-1.2.0.RELEASE.jar;C:\Users\Administrator\.m2\repository\org\springframework\plugin\spring-plugin-metadata\1.2.0.RELEASE\spring-plugin-metadata-1.2.0.RELEASE.jar;C:\Users\Administrator\.m2\repository\org\mapstruct\mapstruct\1.1.0.Final\mapstruct-1.1.0.Final.jar;C:\Users\Administrator\.m2\repository\io\springfox\springfox-swagger-ui\2.7.0\springfox-swagger-ui-2.7.0.jar;C:\Users\Administrator\.m2\repository\org\apache\shiro\shiro-core\1.2.3\shiro-core-1.2.3.jar;C:\Users\Administrator\.m2\repository\commons-beanutils\commons-beanutils\1.8.3\commons-beanutils-1.8.3.jar;C:\Users\Administrator\.m2\repository\org\apache\shiro\shiro-web\1.2.3\shiro-web-1.2.3.jar;C:\Users\Administrator\.m2\repository\org\apache\shiro\shiro-spring\1.2.3\shiro-spring-1.2.3.jar;C:\Users\Administrator\.m2\repository\com\google\guava\guava\18.0\guava-18.0.jar;C:\Users\Administrator\.m2\repository\org\apache\httpcomponents\httpclient\4.5.3\httpclient-4.5.3.jar;C:\Users\Administrator\.m2\repository\commons-codec\commons-codec\1.9\commons-codec-1.9.jar;C:\Users\Administrator\.m2\repository\org\apache\httpcomponents\httpcore\4.4.9\httpcore-4.4.9.jar;C:\Users\Administrator\.m2\repository\org\springframework\data\spring-data-redis\1.7.1.RELEASE\spring-data-redis-1.7.1.RELEASE.jar;C:\Users\Administrator\.m2\repository\org\springframework\data\spring-data-keyvalue\1.1.1.RELEASE\spring-data-keyvalue-1.1.1.RELEASE.jar;C:\Users\Administrator\.m2\repository\org\springframework\spring-oxm\4.2.5.RELEASE\spring-oxm-4.2.5.RELEASE.jar;C:\Users\Administrator\.m2\repository\org\slf4j\jcl-over-slf4j\1.7.19\jcl-over-slf4j-1.7.19.jar;C:\Users\Administrator\.m2\repository\redis\clients\jedis\2.8.0\jedis-2.8.0.jar;C:\Users\Administrator\.m2\repository\org\apache\commons\commons-pool2\2.3\commons-pool2-2.3.jar;C:\Users\Administrator\.m2\repository\net\sf\ehcache\ehcache\2.8.3\ehcache-2.8.3.jar;C:\Users\Administrator\.m2\repository\com\googlecode\xmemcached\xmemcached\1.4.1\xmemcached-1.4.1.jar;C:\Users\Administrator\.m2\repository\com\janeluo\ikanalyzer\2012_u6\ikanalyzer-2012_u6.jar;C:\Users\Administrator\.m2\repository\org\apache\lucene\lucene-core\4.7.2\lucene-core-4.7.2.jar;C:\Users\Administrator\.m2\repository\org\apache\lucene\lucene-queryparser\4.7.2\lucene-queryparser-4.7.2.jar;C:\Users\Administrator\.m2\repository\org\apache\lucene\lucene-queries\4.7.2\lucene-queries-4.7.2.jar;C:\Users\Administrator\.m2\repository\org\apache\lucene\lucene-sandbox\4.7.2\lucene-sandbox-4.7.2.jar;C:\Users\Administrator\.m2\repository\org\apache\lucene\lucene-analyzers-common\4.7.2\lucene-analyzers-common-4.7.2.jar;C:\Users\Administrator\.m2\repository\org\springframework\data\spring-data-solr\1.5.5.RELEASE\spring-data-solr-1.5.5.RELEASE.jar;C:\Users\Administrator\.m2\repository\org\springframework\data\spring-data-commons\1.11.5.RELEASE\spring-data-commons-1.11.5.RELEASE.jar;C:\Users\Administrator\.m2\repository\org\apache\commons\commons-lang3\3.1\commons-lang3-3.1.jar;C:\Users\Administrator\.m2\repository\commons-collections\commons-collections\3.2.1\commons-collections-3.2.1.jar;C:\Users\Administrator\.m2\repository\org\apache\httpcomponents\httpmime\4.2.2\httpmime-4.2.2.jar;C:\Users\Administrator\.m2\repository\org\apache\httpcomponents\httpclient-cache\4.2.2\httpclient-cache-4.2.2.jar;C:\Users\Administrator\.m2\repository\org\apache\solr\solr-solrj\4.10.4\solr-solrj-4.10.4.jar;C:\Users\Administrator\.m2\repository\org\apache\zookeeper\zookeeper\3.4.6\zookeeper-3.4.6.jar;C:\Users\Administrator\.m2\repository\org\codehaus\woodstox\wstx-asl\3.2.7\wstx-asl-3.2.7.jar;C:\Users\Administrator\.m2\repository\org\noggit\noggit\0.5\noggit-0.5.jar;C:\Users\Administrator\.m2\repository\commons-fileupload\commons-fileupload\1.3.1\commons-fileupload-1.3.1.jar;C:\Users\Administrator\.m2\repository\commons-io\commons-io\2.2\commons-io-2.2.jar;C:\Users\Administrator\.m2\repository\org\quartz-scheduler\quartz\2.2.1\quartz-2.2.1.jar;C:\Users\Administrator\.m2\repository\c3p0\c3p0\0.9.1.1\c3p0-0.9.1.1.jar;C:\Users\Administrator\.m2\repository\org\quartz-scheduler\quartz-jobs\2.2.1\quartz-jobs-2.2.1.jar;"/>
    <property name="java.vm.vendor" value="Oracle Corporation"/>
    <property name="sun.arch.data.model" value="64"/>
    <property name="user.variant" value=""/>
    <property name="java.vendor.url" value="http://java.oracle.com/"/>
    <property name="user.timezone" value=""/>
    <property name="java.vm.specification.version" value="1.8"/>
    <property name="os.name" value="Windows 7"/>
    <property name="user.country" value="CN"/>
    <property name="sun.java.launcher" value="SUN_STANDARD"/>
    <property name="sun.boot.library.path" value="D:\Program Files\Java\jdk1.8.0_151\jre\bin"/>
    <property name="sun.java.command" value="C:\Users\ADMINI~1\AppData\Local\Temp\surefire6339081967905411356\surefirebooter8897627302167136607.jar C:\Users\Administrator\AppData\Local\Temp\surefire6339081967905411356 2018-12-21T14-10-30_312-jvmRun1 surefire3824374686092946519tmp surefire_06353849893597400995tmp"/>
    <property name="surefire.test.class.path" value="E:\fsproject\LogAspect\target\test-classes;E:\fsproject\LogAspect\target\classes;C:\Users\Administrator\.m2\repository\junit\junit\4.12\junit-4.12.jar;C:\Users\Administrator\.m2\repository\org\hamcrest\hamcrest-core\1.3\hamcrest-core-1.3.jar;C:\Users\Administrator\.m2\repository\org\springframework\spring-webmvc\4.3.3.RELEASE\spring-webmvc-4.3.3.RELEASE.jar;C:\Users\Administrator\.m2\repository\org\springframework\spring-beans\4.3.3.RELEASE\spring-beans-4.3.3.RELEASE.jar;C:\Users\Administrator\.m2\repository\org\springframework\spring-expression\4.3.3.RELEASE\spring-expression-4.3.3.RELEASE.jar;C:\Users\Administrator\.m2\repository\org\springframework\spring-web\4.3.3.RELEASE\spring-web-4.3.3.RELEASE.jar;C:\Users\Administrator\.m2\repository\org\springframework\spring-jdbc\4.3.3.RELEASE\spring-jdbc-4.3.3.RELEASE.jar;C:\Users\Administrator\.m2\repository\org\springframework\spring-tx\4.3.3.RELEASE\spring-tx-4.3.3.RELEASE.jar;C:\Users\Administrator\.m2\repository\org\springframework\spring-context\4.3.3.RELEASE\spring-context-4.3.3.RELEASE.jar;C:\Users\Administrator\.m2\repository\org\springframework\spring-context-support\4.3.3.RELEASE\spring-context-support-4.3.3.RELEASE.jar;C:\Users\Administrator\.m2\repository\org\springframework\spring-aop\4.3.3.RELEASE\spring-aop-4.3.3.RELEASE.jar;C:\Users\Administrator\.m2\repository\org\springframework\spring-core\4.3.3.RELEASE\spring-core-4.3.3.RELEASE.jar;C:\Users\Administrator\.m2\repository\org\springframework\spring-test\4.3.3.RELEASE\spring-test-4.3.3.RELEASE.jar;C:\Users\Administrator\.m2\repository\javax\servlet\jstl\1.2\jstl-1.2.jar;C:\Users\Administrator\.m2\repository\javax\servlet\javax.servlet-api\3.0.1\javax.servlet-api-3.0.1.jar;C:\Users\Administrator\.m2\repository\org\springframework\spring-aspects\3.0.6.RELEASE\spring-aspects-3.0.6.RELEASE.jar;C:\Users\Administrator\.m2\repository\org\aspectj\aspectjrt\1.6.11\aspectjrt-1.6.11.jar;C:\Users\Administrator\.m2\repository\org\aspectj\aspectjweaver\1.6.11\aspectjweaver-1.6.11.jar;C:\Users\Administrator\.m2\repository\cglib\cglib\2.1_3\cglib-2.1_3.jar;C:\Users\Administrator\.m2\repository\asm\asm\1.5.3\asm-1.5.3.jar;C:\Users\Administrator\.m2\repository\javax\servlet\servlet-api\2.5\servlet-api-2.5.jar;C:\Users\Administrator\.m2\repository\org\slf4j\slf4j-api\1.7.25\slf4j-api-1.7.25.jar;C:\Users\Administrator\.m2\repository\org\slf4j\slf4j-log4j12\1.7.25\slf4j-log4j12-1.7.25.jar;C:\Users\Administrator\.m2\repository\ch\qos\logback\logback-classic\1.2.3\logback-classic-1.2.3.jar;C:\Users\Administrator\.m2\repository\ch\qos\logback\logback-core\1.2.3\logback-core-1.2.3.jar;C:\Users\Administrator\.m2\repository\com\fasterxml\jackson\core\jackson-databind\2.9.2\jackson-databind-2.9.2.jar;C:\Users\Administrator\.m2\repository\com\fasterxml\jackson\core\jackson-annotations\2.9.0\jackson-annotations-2.9.0.jar;C:\Users\Administrator\.m2\repository\com\fasterxml\jackson\core\jackson-core\2.9.2\jackson-core-2.9.2.jar;C:\Users\Administrator\.m2\repository\com\alibaba\fastjson\1.2.32\fastjson-1.2.32.jar;C:\Users\Administrator\.m2\repository\com\alibaba\druid\1.0.9\druid-1.0.9.jar;D:\Program Files\Java\jdk1.8.0_151\jre\..\lib\jconsole.jar;D:\Program Files\Java\jdk1.8.0_151\jre\..\lib\tools.jar;C:\Users\Administrator\.m2\repository\jstl\jstl\1.2\jstl-1.2.jar;C:\Users\Administrator\.m2\repository\log4j\log4j\1.2.17\log4j-1.2.17.jar;C:\Users\Administrator\.m2\repository\commons-logging\commons-logging\1.2\commons-logging-1.2.jar;C:\Users\Administrator\.m2\repository\org\hibernate\hibernate-core\5.3.0.Final\hibernate-core-5.3.0.Final.jar;C:\Users\Administrator\.m2\repository\org\jboss\logging\jboss-logging\3.3.2.Final\jboss-logging-3.3.2.Final.jar;C:\Users\Administrator\.m2\repository\org\javassist\javassist\3.22.0-GA\javassist-3.22.0-GA.jar;C:\Users\Administrator\.m2\repository\net\bytebuddy\byte-buddy\1.8.0\byte-buddy-1.8.0.jar;C:\Users\Administrator\.m2\repository\antlr\antlr\2.7.7\antlr-2.7.7.jar;C:\Users\Administrator\.m2\repository\org\jboss\spec\javax\transaction\jboss-transaction-api_1.2_spec\1.0.1.Final\jboss-transaction-api_1.2_spec-1.0.1.Final.jar;C:\Users\Administrator\.m2\repository\org\jboss\jandex\2.0.3.Final\jandex-2.0.3.Final.jar;C:\Users\Administrator\.m2\repository\com\fasterxml\classmate\1.3.0\classmate-1.3.0.jar;C:\Users\Administrator\.m2\repository\dom4j\dom4j\1.6.1\dom4j-1.6.1.jar;C:\Users\Administrator\.m2\repository\org\hibernate\common\hibernate-commons-annotations\5.0.3.Final\hibernate-commons-annotations-5.0.3.Final.jar;C:\Users\Administrator\.m2\repository\org\hibernate\javax\persistence\hibernate-jpa-2.1-api\1.0.2.Final\hibernate-jpa-2.1-api-1.0.2.Final.jar;C:\Users\Administrator\.m2\repository\org\hibernate\hibernate-c3p0\5.3.0.Final\hibernate-c3p0-5.3.0.Final.jar;C:\Users\Administrator\.m2\repository\com\mchange\c3p0\0.9.2.1\c3p0-0.9.2.1.jar;C:\Users\Administrator\.m2\repository\com\mchange\mchange-commons-java\0.2.3.4\mchange-commons-java-0.2.3.4.jar;C:\Users\Administrator\.m2\repository\mysql\mysql-connector-java\5.1.39\mysql-connector-java-5.1.39.jar;C:\Users\Administrator\.m2\repository\io\springfox\springfox-swagger2\2.7.0\springfox-swagger2-2.7.0.jar;C:\Users\Administrator\.m2\repository\io\swagger\swagger-annotations\1.5.13\swagger-annotations-1.5.13.jar;C:\Users\Administrator\.m2\repository\io\swagger\swagger-models\1.5.13\swagger-models-1.5.13.jar;C:\Users\Administrator\.m2\repository\io\springfox\springfox-spi\2.7.0\springfox-spi-2.7.0.jar;C:\Users\Administrator\.m2\repository\io\springfox\springfox-core\2.7.0\springfox-core-2.7.0.jar;C:\Users\Administrator\.m2\repository\io\springfox\springfox-schema\2.7.0\springfox-schema-2.7.0.jar;C:\Users\Administrator\.m2\repository\io\springfox\springfox-swagger-common\2.7.0\springfox-swagger-common-2.7.0.jar;C:\Users\Administrator\.m2\repository\io\springfox\springfox-spring-web\2.7.0\springfox-spring-web-2.7.0.jar;C:\Users\Administrator\.m2\repository\org\reflections\reflections\0.9.11\reflections-0.9.11.jar;C:\Users\Administrator\.m2\repository\org\springframework\plugin\spring-plugin-core\1.2.0.RELEASE\spring-plugin-core-1.2.0.RELEASE.jar;C:\Users\Administrator\.m2\repository\org\springframework\plugin\spring-plugin-metadata\1.2.0.RELEASE\spring-plugin-metadata-1.2.0.RELEASE.jar;C:\Users\Administrator\.m2\repository\org\mapstruct\mapstruct\1.1.0.Final\mapstruct-1.1.0.Final.jar;C:\Users\Administrator\.m2\repository\io\springfox\springfox-swagger-ui\2.7.0\springfox-swagger-ui-2.7.0.jar;C:\Users\Administrator\.m2\repository\org\apache\shiro\shiro-core\1.2.3\shiro-core-1.2.3.jar;C:\Users\Administrator\.m2\repository\commons-beanutils\commons-beanutils\1.8.3\commons-beanutils-1.8.3.jar;C:\Users\Administrator\.m2\repository\org\apache\shiro\shiro-web\1.2.3\shiro-web-1.2.3.jar;C:\Users\Administrator\.m2\repository\org\apache\shiro\shiro-spring\1.2.3\shiro-spring-1.2.3.jar;C:\Users\Administrator\.m2\repository\com\google\guava\guava\18.0\guava-18.0.jar;C:\Users\Administrator\.m2\repository\org\apache\httpcomponents\httpclient\4.5.3\httpclient-4.5.3.jar;C:\Users\Administrator\.m2\repository\commons-codec\commons-codec\1.9\commons-codec-1.9.jar;C:\Users\Administrator\.m2\repository\org\apache\httpcomponents\httpcore\4.4.9\httpcore-4.4.9.jar;C:\Users\Administrator\.m2\repository\org\springframework\data\spring-data-redis\1.7.1.RELEASE\spring-data-redis-1.7.1.RELEASE.jar;C:\Users\Administrator\.m2\repository\org\springframework\data\spring-data-keyvalue\1.1.1.RELEASE\spring-data-keyvalue-1.1.1.RELEASE.jar;C:\Users\Administrator\.m2\repository\org\springframework\spring-oxm\4.2.5.RELEASE\spring-oxm-4.2.5.RELEASE.jar;C:\Users\Administrator\.m2\repository\org\slf4j\jcl-over-slf4j\1.7.19\jcl-over-slf4j-1.7.19.jar;C:\Users\Administrator\.m2\repository\redis\clients\jedis\2.8.0\jedis-2.8.0.jar;C:\Users\Administrator\.m2\repository\org\apache\commons\commons-pool2\2.3\commons-pool2-2.3.jar;C:\Users\Administrator\.m2\repository\net\sf\ehcache\ehcache\2.8.3\ehcache-2.8.3.jar;C:\Users\Administrator\.m2\repository\com\googlecode\xmemcached\xmemcached\1.4.1\xmemcached-1.4.1.jar;C:\Users\Administrator\.m2\repository\com\janeluo\ikanalyzer\2012_u6\ikanalyzer-2012_u6.jar;C:\Users\Administrator\.m2\repository\org\apache\lucene\lucene-core\4.7.2\lucene-core-4.7.2.jar;C:\Users\Administrator\.m2\repository\org\apache\lucene\lucene-queryparser\4.7.2\lucene-queryparser-4.7.2.jar;C:\Users\Administrator\.m2\repository\org\apache\lucene\lucene-queries\4.7.2\lucene-queries-4.7.2.jar;C:\Users\Administrator\.m2\repository\org\apache\lucene\lucene-sandbox\4.7.2\lucene-sandbox-4.7.2.jar;C:\Users\Administrator\.m2\repository\org\apache\lucene\lucene-analyzers-common\4.7.2\lucene-analyzers-common-4.7.2.jar;C:\Users\Administrator\.m2\repository\org\springframework\data\spring-data-solr\1.5.5.RELEASE\spring-data-solr-1.5.5.RELEASE.jar;C:\Users\Administrator\.m2\repository\org\springframework\data\spring-data-commons\1.11.5.RELEASE\spring-data-commons-1.11.5.RELEASE.jar;C:\Users\Administrator\.m2\repository\org\apache\commons\commons-lang3\3.1\commons-lang3-3.1.jar;C:\Users\Administrator\.m2\repository\commons-collections\commons-collections\3.2.1\commons-collections-3.2.1.jar;C:\Users\Administrator\.m2\repository\org\apache\httpcomponents\httpmime\4.2.2\httpmime-4.2.2.jar;C:\Users\Administrator\.m2\repository\org\apache\httpcomponents\httpclient-cache\4.2.2\httpclient-cache-4.2.2.jar;C:\Users\Administrator\.m2\repository\org\apache\solr\solr-solrj\4.10.4\solr-solrj-4.10.4.jar;C:\Users\Administrator\.m2\repository\org\apache\zookeeper\zookeeper\3.4.6\zookeeper-3.4.6.jar;C:\Users\Administrator\.m2\repository\org\codehaus\woodstox\wstx-asl\3.2.7\wstx-asl-3.2.7.jar;C:\Users\Administrator\.m2\repository\org\noggit\noggit\0.5\noggit-0.5.jar;C:\Users\Administrator\.m2\repository\commons-fileupload\commons-fileupload\1.3.1\commons-fileupload-1.3.1.jar;C:\Users\Administrator\.m2\repository\commons-io\commons-io\2.2\commons-io-2.2.jar;C:\Users\Administrator\.m2\repository\org\quartz-scheduler\quartz\2.2.1\quartz-2.2.1.jar;C:\Users\Administrator\.m2\repository\c3p0\c3p0\0.9.1.1\c3p0-0.9.1.1.jar;C:\Users\Administrator\.m2\repository\org\quartz-scheduler\quartz-jobs\2.2.1\quartz-jobs-2.2.1.jar;"/>
    <property name="sun.cpu.endian" value="little"/>
    <property name="user.home" value="C:\Users\Administrator"/>
    <property name="user.language" value="zh"/>
    <property name="java.specification.vendor" value="Oracle Corporation"/>
    <property name="java.home" value="D:\Program Files\Java\jdk1.8.0_151\jre"/>
    <property name="basedir" value="E:\fsproject\LogAspect"/>
    <property name="file.separator" value="\"/>
    <property name="line.separator" value="&#10;"/>
    <property name="java.vm.specification.vendor" value="Oracle Corporation"/>
    <property name="java.specification.name" value="Java Platform API Specification"/>
    <property name="java.awt.graphicsenv" value="sun.awt.Win32GraphicsEnvironment"/>
    <property name="surefire.real.class.path" value="C:\Users\ADMINI~1\AppData\Local\Temp\surefire6339081967905411356\surefirebooter8897627302167136607.jar"/>
    <property name="sun.boot.class.path" value="D:\Program Files\Java\jdk1.8.0_151\jre\lib\resources.jar;D:\Program Files\Java\jdk1.8.0_151\jre\lib\rt.jar;D:\Program Files\Java\jdk1.8.0_151\jre\lib\sunrsasign.jar;D:\Program Files\Java\jdk1.8.0_151\jre\lib\jsse.jar;D:\Program Files\Java\jdk1.8.0_151\jre\lib\jce.jar;D:\Program Files\Java\jdk1.8.0_151\jre\lib\charsets.jar;D:\Program Files\Java\jdk1.8.0_151\jre\lib\jfr.jar;D:\Program Files\Java\jdk1.8.0_151\jre\classes"/>
    <property name="user.script" value=""/>
    <property name="sun.management.compiler" value="HotSpot 64-Bit Tiered Compilers"/>
    <property name="java.runtime.version" value="1.8.0_151-b12"/>
    <property name="user.name" value="Administrator"/>
    <property name="path.separator" value=";"/>
    <property name="os.version" value="6.1"/>
    <property name="java.endorsed.dirs" value="D:\Program Files\Java\jdk1.8.0_151\jre\lib\endorsed"/>
    <property name="java.runtime.name" value="Java(TM) SE Runtime Environment"/>
    <property name="file.encoding" value="GBK"/>
    <property name="java.vm.name" value="Java HotSpot(TM) 64-Bit Server VM"/>
    <property name="localRepository" value="C:\Users\Administrator\.m2\repository"/>
    <property name="java.vendor.url.bug" value="http://bugreport.sun.com/bugreport/"/>
    <property name="java.io.tmpdir" value="C:\Users\ADMINI~1\AppData\Local\Temp\"/>
    <property name="java.version" value="1.8.0_151"/>
    <property name="user.dir" value="E:\fsproject\LogAspect"/>
    <property name="os.arch" value="amd64"/>
    <property name="java.vm.specification.name" value="Java Virtual Machine Specification"/>
    <property name="java.awt.printerjob" value="sun.awt.windows.WPrinterJob"/>
    <property name="sun.os.patch.level" value="Service Pack 1"/>
    <property name="java.library.path" value="D:\Program Files\Java\jdk1.8.0_151\jre\bin;C:\windows\Sun\Java\bin;C:\windows\system32;C:\windows;C:\Program Files (x86)\Common Files\Oracle\Java\javapath;C:\ProgramData\Oracle\Java\javapath;F:\app\oracle11\product\11.2.0\dbhome_1\bin;\bin;C:\Program Files (x86)\Common Files\NetSarang;C:\Program Files (x86)\Intel\iCLS Client\;C:\Program Files\Intel\iCLS Client\;C:\windows\system32;C:\windows;C:\windows\System32\Wbem;C:\windows\System32\WindowsPowerShell\v1.0\;C:\Program Files\Java\jdk1.7.0_67\bin;C:\windows\system32;C:\windows;C:\windows\System32\Wbem;C:\windows\System32\WindowsPowerShell\v1.0\;C:\Program Files (x86)\Common Files\Thunder Network\KanKan\Codecs;D:\apache-ant-1.9.4\bin;D:\apache-maven-3.2.3\bin;E:\Android\andorid\sdk\platform-tools;C:\Program Files\TortoiseSVN\bin;C:\Program Files (x86)\Intel\Intel(R) Management Engine Components\DAL;C:\Program Files\Intel\Intel(R) Management Engine Components\DAL;C:\Program Files (x86)\Intel\Intel(R) Management Engine Components\IPT;C:\Program Files\Intel\Intel(R) Management Engine Components\IPT;D:\Program Files\nodejs\;C:\strawberry\c\bin;C:\strawberry\perl\bin;C:\Users\Administrator\AppData\Local\Programs\Python\Python37;F:\Python\Python36;F:\Python\Python36\Scripts;F:\Program Files (x86)\Subversion\bin;F:\Program Files\VisualSVN Server\bin;F:\wamp2\bin\php\php5.4.3;f:\Program Files\Git\cmd;C:\Users\Administrator\AppData\Roaming\npm;F:\wamp2\bin\php\php5.4.3;C:\Users\Administrator\AppData\Local\GitHubDesktop\bin;."/>
    <property name="java.vm.info" value="mixed mode"/>
    <property name="java.vendor" value="Oracle Corporation"/>
    <property name="java.vm.version" value="25.151-b12"/>
    <property name="java.ext.dirs" value="D:\Program Files\Java\jdk1.8.0_151\jre\lib\ext;C:\windows\Sun\Java\lib\ext"/>
    <property name="sun.io.unicode.encoding" value="UnicodeLittle"/>
    <property name="java.class.version" value="52.0"/>
  </properties>
  <testcase name="testAddList" classname="com.ItemSearchServiceImplTest" time="0.82">
    <error message="IOException occured when talking to server at: http://127.0.0.1:8090/solr/itemcore; nested exception is org.apache.solr.client.solrj.SolrServerException: IOException occured when talking to server at: http://127.0.0.1:8090/solr/itemcore" type="org.springframework.data.solr.UncategorizedSolrException">org.springframework.data.solr.UncategorizedSolrException: IOException occured when talking to server at: http://127.0.0.1:8090/solr/itemcore; nested exception is org.apache.solr.client.solrj.SolrServerException: IOException occured when talking to server at: http://127.0.0.1:8090/solr/itemcore
	at com.ItemSearchServiceImplTest.testAddList(ItemSearchServiceImplTest.java:113)
Caused by: org.apache.solr.client.solrj.SolrServerException: IOException occured when talking to server at: http://127.0.0.1:8090/solr/itemcore
	at com.ItemSearchServiceImplTest.testAddList(ItemSearchServiceImplTest.java:113)
Caused by: org.apache.http.conn.ConnectTimeoutException: Connect to 127.0.0.1:8090 timed out
	at com.ItemSearchServiceImplTest.testAddList(ItemSearchServiceImplTest.java:113)
</error>
    <system-err><![CDATA[SLF4J: Class path contains multiple SLF4J bindings.
SLF4J: Found binding in [jar:file:/C:/Users/Administrator/.m2/repository/org/slf4j/slf4j-log4j12/1.7.25/slf4j-log4j12-1.7.25.jar!/org/slf4j/impl/StaticLoggerBinder.class]
SLF4J: Found binding in [jar:file:/C:/Users/Administrator/.m2/repository/ch/qos/logback/logback-classic/1.2.3/logback-classic-1.2.3.jar!/org/slf4j/impl/StaticLoggerBinder.class]
SLF4J: See http://www.slf4j.org/codes.html#multiple_bindings for an explanation.
log4j:WARN Unrecognized element rollingPolicy
SLF4J: Actual binding is of type [org.slf4j.impl.Log4jLoggerFactory]
]]></system-err>
  </testcase>
  <testcase name="testAdd" classname="com.ItemSearchServiceImplTest" time="0.071">
    <error message="IOException occured when talking to server at: http://127.0.0.1:8090/solr/itemcore; nested exception is org.apache.solr.client.solrj.SolrServerException: IOException occured when talking to server at: http://127.0.0.1:8090/solr/itemcore" type="org.springframework.data.solr.UncategorizedSolrException">org.springframework.data.solr.UncategorizedSolrException: IOException occured when talking to server at: http://127.0.0.1:8090/solr/itemcore; nested exception is org.apache.solr.client.solrj.SolrServerException: IOException occured when talking to server at: http://127.0.0.1:8090/solr/itemcore
	at com.ItemSearchServiceImplTest.testAdd(ItemSearchServiceImplTest.java:93)
Caused by: org.apache.solr.client.solrj.SolrServerException: IOException occured when talking to server at: http://127.0.0.1:8090/solr/itemcore
	at com.ItemSearchServiceImplTest.testAdd(ItemSearchServiceImplTest.java:93)
Caused by: org.apache.http.conn.ConnectTimeoutException: Connect to 127.0.0.1:8090 timed out
	at com.ItemSearchServiceImplTest.testAdd(ItemSearchServiceImplTest.java:93)
</error>
    <system-out><![CDATA[9337
]]></system-out>
  </testcase>
  <testcase name="search" classname="com.ItemSearchServiceImplTest" time="0.442">
    <error message="IOException occured when talking to server at: http://127.0.0.1:8090/solr/itemcore; nested exception is org.apache.solr.client.solrj.SolrServerException: IOException occured when talking to server at: http://127.0.0.1:8090/solr/itemcore" type="org.springframework.data.solr.UncategorizedSolrException">org.springframework.data.solr.UncategorizedSolrException: IOException occured when talking to server at: http://127.0.0.1:8090/solr/itemcore; nested exception is org.apache.solr.client.solrj.SolrServerException: IOException occured when talking to server at: http://127.0.0.1:8090/solr/itemcore
	at com.ItemSearchServiceImplTest.search(ItemSearchServiceImplTest.java:41)
Caused by: org.apache.solr.client.solrj.SolrServerException: IOException occured when talking to server at: http://127.0.0.1:8090/solr/itemcore
	at com.ItemSearchServiceImplTest.search(ItemSearchServiceImplTest.java:41)
Caused by: org.apache.http.conn.ConnectTimeoutException: Connect to 127.0.0.1:8090 timed out
	at com.ItemSearchServiceImplTest.search(ItemSearchServiceImplTest.java:41)
</error>
  </testcase>
  <testcase name="searchById" classname="com.ItemSearchServiceImplTest" time="0.105">
    <error message="IOException occured when talking to server at: http://127.0.0.1:8090/solr/itemcore; nested exception is org.apache.solr.client.solrj.SolrServerException: IOException occured when talking to server at: http://127.0.0.1:8090/solr/itemcore" type="org.springframework.data.solr.UncategorizedSolrException">org.springframework.data.solr.UncategorizedSolrException: IOException occured when talking to server at: http://127.0.0.1:8090/solr/itemcore; nested exception is org.apache.solr.client.solrj.SolrServerException: IOException occured when talking to server at: http://127.0.0.1:8090/solr/itemcore
	at com.ItemSearchServiceImplTest.searchById(ItemSearchServiceImplTest.java:120)
Caused by: org.apache.solr.client.solrj.SolrServerException: IOException occured when talking to server at: http://127.0.0.1:8090/solr/itemcore
	at com.ItemSearchServiceImplTest.searchById(ItemSearchServiceImplTest.java:120)
Caused by: org.apache.http.conn.ConnectTimeoutException: Connect to 127.0.0.1:8090 timed out
	at com.ItemSearchServiceImplTest.searchById(ItemSearchServiceImplTest.java:120)
</error>
  </testcase>
  <testcase name="deleteAll" classname="com.ItemSearchServiceImplTest" time="0.105">
    <error message="IOException occured when talking to server at: http://127.0.0.1:8090/solr/itemcore; nested exception is org.apache.solr.client.solrj.SolrServerException: IOException occured when talking to server at: http://127.0.0.1:8090/solr/itemcore" type="org.springframework.data.solr.UncategorizedSolrException">org.springframework.data.solr.UncategorizedSolrException: IOException occured when talking to server at: http://127.0.0.1:8090/solr/itemcore; nested exception is org.apache.solr.client.solrj.SolrServerException: IOException occured when talking to server at: http://127.0.0.1:8090/solr/itemcore
	at com.ItemSearchServiceImplTest.deleteAll(ItemSearchServiceImplTest.java:142)
Caused by: org.apache.solr.client.solrj.SolrServerException: IOException occured when talking to server at: http://127.0.0.1:8090/solr/itemcore
	at com.ItemSearchServiceImplTest.deleteAll(ItemSearchServiceImplTest.java:142)
Caused by: org.apache.http.conn.ConnectTimeoutException: Connect to 127.0.0.1:8090 timed out
	at com.ItemSearchServiceImplTest.deleteAll(ItemSearchServiceImplTest.java:142)
</error>
  </testcase>
  <testcase name="add" classname="com.ItemSearchServiceImplTest" time="0.102">
    <error message="IOException occured when talking to server at: http://127.0.0.1:8090/solr/itemcore; nested exception is org.apache.solr.client.solrj.SolrServerException: IOException occured when talking to server at: http://127.0.0.1:8090/solr/itemcore" type="org.springframework.data.solr.UncategorizedSolrException">org.springframework.data.solr.UncategorizedSolrException: IOException occured when talking to server at: http://127.0.0.1:8090/solr/itemcore; nested exception is org.apache.solr.client.solrj.SolrServerException: IOException occured when talking to server at: http://127.0.0.1:8090/solr/itemcore
	at com.ItemSearchServiceImplTest.add(ItemSearchServiceImplTest.java:72)
Caused by: org.apache.solr.client.solrj.SolrServerException: IOException occured when talking to server at: http://127.0.0.1:8090/solr/itemcore
	at com.ItemSearchServiceImplTest.add(ItemSearchServiceImplTest.java:72)
Caused by: org.apache.http.conn.ConnectTimeoutException: Connect to 127.0.0.1:8090 timed out
	at com.ItemSearchServiceImplTest.add(ItemSearchServiceImplTest.java:72)
</error>
  </testcase>
  <testcase name="pageQuery" classname="com.ItemSearchServiceImplTest" time="0.104">
    <error message="IOException occured when talking to server at: http://127.0.0.1:8090/solr/itemcore; nested exception is org.apache.solr.client.solrj.SolrServerException: IOException occured when talking to server at: http://127.0.0.1:8090/solr/itemcore" type="org.springframework.data.solr.UncategorizedSolrException">org.springframework.data.solr.UncategorizedSolrException: IOException occured when talking to server at: http://127.0.0.1:8090/solr/itemcore; nested exception is org.apache.solr.client.solrj.SolrServerException: IOException occured when talking to server at: http://127.0.0.1:8090/solr/itemcore
	at com.ItemSearchServiceImplTest.pageQuery(ItemSearchServiceImplTest.java:131)
Caused by: org.apache.solr.client.solrj.SolrServerException: IOException occured when talking to server at: http://127.0.0.1:8090/solr/itemcore
	at com.ItemSearchServiceImplTest.pageQuery(ItemSearchServiceImplTest.java:131)
Caused by: org.apache.http.conn.ConnectTimeoutException: Connect to 127.0.0.1:8090 timed out
	at com.ItemSearchServiceImplTest.pageQuery(ItemSearchServiceImplTest.java:131)
</error>
  </testcase>
  <testcase name="deleteById" classname="com.ItemSearchServiceImplTest" time="0.103">
    <error message="IOException occured when talking to server at: http://127.0.0.1:8090/solr/itemcore; nested exception is org.apache.solr.client.solrj.SolrServerException: IOException occured when talking to server at: http://127.0.0.1:8090/solr/itemcore" type="org.springframework.data.solr.UncategorizedSolrException">org.springframework.data.solr.UncategorizedSolrException: IOException occured when talking to server at: http://127.0.0.1:8090/solr/itemcore; nested exception is org.apache.solr.client.solrj.SolrServerException: IOException occured when talking to server at: http://127.0.0.1:8090/solr/itemcore
	at com.ItemSearchServiceImplTest.deleteById(ItemSearchServiceImplTest.java:126)
Caused by: org.apache.solr.client.solrj.SolrServerException: IOException occured when talking to server at: http://127.0.0.1:8090/solr/itemcore
	at com.ItemSearchServiceImplTest.deleteById(ItemSearchServiceImplTest.java:126)
Caused by: org.apache.http.conn.ConnectTimeoutException: Connect to 127.0.0.1:8090 timed out
	at com.ItemSearchServiceImplTest.deleteById(ItemSearchServiceImplTest.java:126)
</error>
  </testcase>
</testsuite>